Determining if the pthread_create exist failed with the following output:
Change Dir: /home/xp/xpgit/yubot/build/CMakeFiles/CMakeTmp

Run Build Command:/usr/bin/make "cmTryCompileExec1003495877/fast"
/usr/bin/make -f CMakeFiles/cmTryCompileExec1003495877.dir/build.make CMakeFiles/cmTryCompileExec1003495877.dir/build
make[1]: 正在进入目录 `/home/xp/xpgit/yubot/build/CMakeFiles/CMakeTmp'
/usr/bin/cmake -E cmake_progress_report /home/xp/xpgit/yubot/build/CMakeFiles/CMakeTmp/CMakeFiles 1
Building C object CMakeFiles/cmTryCompileExec1003495877.dir/CheckSymbolExists.c.o
/usr/bin/cc    -o CMakeFiles/cmTryCompileExec1003495877.dir/CheckSymbolExists.c.o   -c /home/xp/xpgit/yubot/build/CMakeFiles/CMakeTmp/CheckSymbolExists.c
Linking C executable cmTryCompileExec1003495877
/usr/bin/cmake -E cmake_link_script CMakeFiles/cmTryCompileExec1003495877.dir/link.txt --verbose=1
/usr/bin/cc       CMakeFiles/cmTryCompileExec1003495877.dir/CheckSymbolExists.c.o  -o cmTryCompileExec1003495877 -rdynamic 
CMakeFiles/cmTryCompileExec1003495877.dir/CheckSymbolExists.c.o：在函数‘main’中：
CheckSymbolExists.c:(.text+0x16)：对‘pthread_create’未定义的引用
collect2: error: ld returned 1 exit status
make[1]: *** [cmTryCompileExec1003495877] 错误 1
make[1]:正在离开目录 `/home/xp/xpgit/yubot/build/CMakeFiles/CMakeTmp'
make: *** [cmTryCompileExec1003495877/fast] 错误 2

File /home/xp/xpgit/yubot/build/CMakeFiles/CMakeTmp/CheckSymbolExists.c:
/* */
#include <pthread.h>

int main(int argc, char** argv)
{
  (void)argv;
#ifndef pthread_create
  return ((int*)(&pthread_create))[argc];
#else
  (void)argc;
  return 0;
#endif
}

Determining if the function pthread_create exists in the pthreads failed with the following output:
Change Dir: /home/xp/xpgit/yubot/build/CMakeFiles/CMakeTmp

Run Build Command:/usr/bin/make "cmTryCompileExec3749857718/fast"
/usr/bin/make -f CMakeFiles/cmTryCompileExec3749857718.dir/build.make CMakeFiles/cmTryCompileExec3749857718.dir/build
make[1]: 正在进入目录 `/home/xp/xpgit/yubot/build/CMakeFiles/CMakeTmp'
/usr/bin/cmake -E cmake_progress_report /home/xp/xpgit/yubot/build/CMakeFiles/CMakeTmp/CMakeFiles 1
Building C object CMakeFiles/cmTryCompileExec3749857718.dir/CheckFunctionExists.c.o
/usr/bin/cc   -DCHECK_FUNCTION_EXISTS=pthread_create   -o CMakeFiles/cmTryCompileExec3749857718.dir/CheckFunctionExists.c.o   -c /usr/share/cmake-2.8/Modules/CheckFunctionExists.c
Linking C executable cmTryCompileExec3749857718
/usr/bin/cmake -E cmake_link_script CMakeFiles/cmTryCompileExec3749857718.dir/link.txt --verbose=1
/usr/bin/cc   -DCHECK_FUNCTION_EXISTS=pthread_create    CMakeFiles/cmTryCompileExec3749857718.dir/CheckFunctionExists.c.o  -o cmTryCompileExec3749857718 -rdynamic -lpthreads 
/usr/bin/ld: cannot find -lpthreads
collect2: error: ld returned 1 exit status
make[1]: *** [cmTryCompileExec3749857718] 错误 1
make[1]:正在离开目录 `/home/xp/xpgit/yubot/build/CMakeFiles/CMakeTmp'
make: *** [cmTryCompileExec3749857718/fast] 错误 2


